C51 COMPILER V9.00   AVOIDOBST                                                             06/11/2017 13:38:03 PAGE 1   


C51 COMPILER V9.00, COMPILATION OF MODULE AVOIDOBST
OBJECT MODULE PLACED IN AvoidObst.OBJ
COMPILER INVOKED BY: C:\Keil\C51\BIN\C51.EXE AvoidObst.c BROWSE DEBUG OBJECTEXTEND

line level    source

   1          //*********头文件定义********//
   2          #include "AvoidObst.h"
   3          
   4          //*********数据类型定义********//
   5          
   6          //*********函数定义********//
   7          /*******************************************************************************************/
   8          void AvoidObst(void)
   9          {
  10   1              uchar bt ;
  11   1              for(bt=0;bt<60;bt++);
  12   1      }


MODULE INFORMATION:   STATIC OVERLAYABLE
   CODE SIZE        =      7    ----
   CONSTANT SIZE    =   ----    ----
   XDATA SIZE       =   ----    ----
   PDATA SIZE       =   ----    ----
   DATA SIZE        =   ----    ----
   IDATA SIZE       =   ----    ----
   BIT SIZE         =   ----    ----
END OF MODULE INFORMATION.


C51 COMPILATION COMPLETE.  0 WARNING(S),  0 ERROR(S)
