C51 COMPILER V9.00   DELAY                                                                 07/09/2017 17:40:53 PAGE 1   


C51 COMPILER V9.00, COMPILATION OF MODULE DELAY
OBJECT MODULE PLACED IN Delay.obj
COMPILER INVOKED BY: C:\Keil\C51\BIN\C51.EXE Source\Delay.c BROWSE DEBUG OBJECTEXTEND PRINT(.\Delay.lst) OBJECT(Delay.ob
                    -j)

line level    source

   1          /**********头文件定义***********/
   2          #include "../Include/Delay.h"
   3          
   4          /**********全局变量声明*********/
   5          uint guiTimeNum,guiCounter;
   6          uchar gucTimeFlag;
   7          
   8          /***********函数定义************/
   9          /*******************************************************************************************/
  10          //void delay(uint stime)                                /*********      s延时   *********/
  11          //{
  12          //      gucTimeFlag = 0;
  13          //      guiTimeNum = stime*1000;
  14          //      EA=1;
  15          //      ET2=1;
  16          //      TR2=1;
  17          //      while(gucTimeFlag == 0);
  18          //      TR2=0;
  19          //      ET2=0;
  20          //      EA=0;
  21          //}
  22                                                                                          /*********ms毫秒延时*********/
  23          void delay_ms(uint mstime)
  24          {
  25   1              gucTimeFlag = 0;
  26   1              guiTimeNum = mstime*10;
  27   1              EA=1;
  28   1              ET2=1;
  29   1              TR2=1;
  30   1              while(gucTimeFlag == 0);
  31   1              TR2=0;
  32   1              ET2=0;
  33   1              EA=0;
  34   1      }
  35          //
  36          //                                                                              /*********us微秒延时*********/
  37          //void delay_us(uint ustime)
  38          //{
  39          //      while(ustime--);
  40          //}
  41          //
  42          //                                                                              /*********200us延时     *********/
  43          void delay_100us(uint ustime)
  44          {  
  45   1              gucTimeFlag = 0;
  46   1              guiTimeNum = ustime;
  47   1              EA=1;
  48   1              ET2=1;
  49   1              TR2=1;
  50   1              while(gucTimeFlag == 0);
  51   1              TR2=0;
  52   1              ET2=0;
  53   1              EA=0;
  54   1      }
C51 COMPILER V9.00   DELAY                                                                 07/09/2017 17:40:53 PAGE 2   

  55          
  56          void timer2(void) interrupt 5                   /********扩展定时器2*********/
  57          {
  58   1              TF2 = 0;                                                        /*溢出标记必须在此清零          */
  59   1      
  60   1              TH2=(65536-100)>>8;                             /*定时1ms                                       */
  61   1              TL2=(65536-100)&0xFF;
  62   1      
  63   1              guiCounter++;
  64   1              if(guiCounter >= guiTimeNum)
  65   1              {
  66   2                      guiCounter = 0;
  67   2                      gucTimeFlag = 1;
  68   2              }
  69   1      }
  70          


MODULE INFORMATION:   STATIC OVERLAYABLE
   CODE SIZE        =     97    ----
   CONSTANT SIZE    =   ----    ----
   XDATA SIZE       =   ----    ----
   PDATA SIZE       =   ----    ----
   DATA SIZE        =      5    ----
   IDATA SIZE       =   ----    ----
   BIT SIZE         =   ----    ----
END OF MODULE INFORMATION.


C51 COMPILATION COMPLETE.  0 WARNING(S),  0 ERROR(S)
