C51 COMPILER V9.00   MAIN                                                                  07/09/2017 17:40:55 PAGE 1   


C51 COMPILER V9.00, COMPILATION OF MODULE MAIN
OBJECT MODULE PLACED IN Main.obj
COMPILER INVOKED BY: C:\Keil\C51\BIN\C51.EXE Source\Main.c BROWSE DEBUG OBJECTEXTEND PRINT(.\Main.lst) OBJECT(Main.obj)

line level    source

   1          /**********头文件定义************/
   2          #include "../Include/include.h"
   3          #include "../Include/LCD.h"
   4          #include "../Include/ObstDetect.h"
   5          #include "../Include/ObstAvoid.h"
   6          #include "../Include/SteeringGear.h"
   7          #include "../Include/Gogogo.h"
   8          #include "../Include/Alarm.h"
   9          /**********全局变量声明**********/
  10          uchar gucObstFlag = 0;                   /*上电默认存在障碍//[0:无障碍][1:左转][2:右转][3:后退][7:初始化完成][其它:停止]*
             -/
  11          uchar gucTempFlag = 0;
  12          /**********函数定义**************/
  13          /*********************************************************************************************************
             -*******/
  14          void main()
  15          {                                                                                                               /***************************系统初始化*******************/      
  16   1              Init_LCD();                                                                                     /*LCD初始化                                                                                             */
  17   1              Init_UltraSonicRanging();                                                       /*超声波测距初始化                                                                              */
  18   1              Init_StGear();                                                                          /*舵机初始化                                                                                    */
  19   1              Alarm(7);                                                                                       /*初始化完成告警                                                                                */
  20   1              while(1)                                                                
  21   1              {                                                                                                       /***************************检测，避障*******************/              
  22   2                      gucObstFlag = ObstDetect();                                             /*检查是否有障碍                                                                                */                                                              
  23   2                      ObstAvoid(gucObstFlag);                                                 /*避障操作                                                                                              */
  24   2                      Alarm(gucObstFlag);                                                             /*告警                                                                                                  */
  25   2              }       
  26   1      }
  27          


MODULE INFORMATION:   STATIC OVERLAYABLE
   CODE SIZE        =     29    ----
   CONSTANT SIZE    =   ----    ----
   XDATA SIZE       =   ----    ----
   PDATA SIZE       =   ----    ----
   DATA SIZE        =      2    ----
   IDATA SIZE       =   ----    ----
   BIT SIZE         =   ----    ----
END OF MODULE INFORMATION.


C51 COMPILATION COMPLETE.  0 WARNING(S),  0 ERROR(S)
