C51 COMPILER V9.00   OBSTINFRARED                                                          07/09/2017 17:40:56 PAGE 1   


C51 COMPILER V9.00, COMPILATION OF MODULE OBSTINFRARED
OBJECT MODULE PLACED IN ObstInfrared.obj
COMPILER INVOKED BY: C:\Keil\C51\BIN\C51.EXE Source\ObstInfrared.c BROWSE DEBUG OBJECTEXTEND PRINT(.\ObstInfrared.lst) O
                    -BJECT(ObstInfrared.obj)

line level    source

   1          /**********头文件定义***********/
   2          #include "../Include/ObstInfrared.h"
   3          
   4          /**********全局变量声明*********/
   5          
   6          /**********函数定义*************/
   7          /*********************************************************************************************************
             -***********/
   8          uchar ObstInfrared(void)                                                /*******************                    红外避障检测            *****************/
   9          {                                                                                               /*障碍位置[0:无][1:前][2:前/左][3:前/右][4:前/左/右][5:前/左/右/后]     */
  10   1                                                                                                      /*                 0000  0001    0011     0101     0111                 1111            */
  11   1              uchar InfraredFlag;                                     
  12   1              uchar TempFlag;
  13   1      
  14   1              if(INFRARED_FRONT == 0)
  15   1              {
  16   2                      InfraredFlag = 0;                                               /*无障碍                                                                                                                        */
  17   2              }
  18   1              else if(INFRARED_FRONT == 1)                            /*有障碍                                                                                                                        */
  19   1              {
  20   2                      TempFlag = INFRARED_FRONT;                              /*前                                                                                                                            */
  21   2                      InfraredFlag=(InfraredFlag<<1)|TempFlag;
  22   2                      TempFlag = INFRARED_LEFT;                               /*左                                                                                                                            */
  23   2                      InfraredFlag=(InfraredFlag<<1)|TempFlag;
  24   2                      TempFlag = INFRARED_RIGHT;                              /*右                                                                                                                            */
  25   2                      InfraredFlag=(InfraredFlag<<1)|TempFlag;
  26   2                      TempFlag = INFRARED_BEHIND;                             /*后                                                                                                                            */
  27   2                      InfraredFlag=(InfraredFlag<<1)|TempFlag;
  28   2              }
  29   1      
  30   1              return InfraredFlag;
  31   1      }
  32          
  33          
  34          


MODULE INFORMATION:   STATIC OVERLAYABLE
   CODE SIZE        =     51    ----
   CONSTANT SIZE    =   ----    ----
   XDATA SIZE       =   ----    ----
   PDATA SIZE       =   ----    ----
   DATA SIZE        =   ----    ----
   IDATA SIZE       =   ----    ----
   BIT SIZE         =   ----    ----
END OF MODULE INFORMATION.


C51 COMPILATION COMPLETE.  0 WARNING(S),  0 ERROR(S)
