C51 COMPILER V9.00   OBSTDETECT                                                            07/09/2017 17:40:56 PAGE 1   


C51 COMPILER V9.00, COMPILATION OF MODULE OBSTDETECT
OBJECT MODULE PLACED IN ObstDetect.obj
COMPILER INVOKED BY: C:\Keil\C51\BIN\C51.EXE Source\ObstDetect.c BROWSE DEBUG OBJECTEXTEND PRINT(.\ObstDetect.lst) OBJEC
                    -T(ObstDetect.obj)

line level    source

   1          /**********头文件定义******************************/
   2          #include "../Include/ObstDetect.h"
   3          
   4          /*********全局变量声明*****************************/
   5          
   6          /*********函数定义*************/
   7          /*********************************************************************************************************
             -***************/
   8          uchar ObstDetect(void)                                                          /***************        障碍检测        *************************************/
   9          {
  10   1              uchar InfraredFlag = 0;                                                 /*障碍位置[0:无][1:前][2:前/左][3:前/右][4:前/左/右][5:前/左/右/后]     */
  11   1              uchar RangingFlag = 0;                                                  /*障碍位置[0:无][1:前][2:前/左][3:前/右][4:前/左/右][5:前/左/右/后]     */
  12   1              uchar ObstFlag[16]={0,7,7,7,7,7,7,7,1,7,3,7,2,7,4,5};   
  13   1                                                                                                              /*障碍位置[0:无][1:前][2:前/左][3:前/右][4:前/左/右][5:前/左/右/后]     */
  14   1                                                                                                              /*                 0000  1000    1100     1010     1110                 1111            */
  15   1      
  16   1      //      InfraredFlag = ObstInfrared();                                                  /*红外避障检测                                                                                          */
  17   1      
  18   1              InfraredFlag = 0; //test        
  19   1      
  20   1              RangingFlag = UltraSonicRanging();                                              /*超声检测，前，为0则无障碍，不判断                                                     */
  21   1      
  22   1              if((RangingFlag == 1)||(InfraredFlag != 0))
  23   1              {                                                                                                               /*前方有障碍，则检查左右                                                                        */
  24   2                      StGearTurnLeft90();                                                                     /*舵机转向，左                                                                                          */
  25   2                      RangingFlag = (RangingFlag<<1)+UltraSonicRanging();     /*超声检测，左                                                                                          */
  26   2      
  27   2                      StGearTurnMid00();                                                                      /*辅助舵机转到指定位置                                                                          */
  28   2                      StGearTurnRight90();                                                            /*舵机转向，右                                                                                          */
  29   2                      RangingFlag = (RangingFlag<<1)+UltraSonicRanging();     /*超声检测，右                                                                                          */
  30   2      
  31   2                      RangingFlag =(RangingFlag<<1)+0;                                        /*超声波不检查后方，此处凑数补位                                                        */
  32   2      
  33   2                      StGearTurnMid00();                                                                      /*舵机归中                                                                                                      */
  34   2              }
  35   1                                                                                                                                                                                         
  36   1              return ObstFlag[RangingFlag|InfraredFlag];                              /*返回检测结果                                                                                          */
  37   1      }
  38          
  39          


MODULE INFORMATION:   STATIC OVERLAYABLE
   CODE SIZE        =     86    ----
   CONSTANT SIZE    =     16    ----
   XDATA SIZE       =   ----    ----
   PDATA SIZE       =   ----    ----
   DATA SIZE        =   ----      18
   IDATA SIZE       =   ----    ----
   BIT SIZE         =   ----    ----
END OF MODULE INFORMATION.


C51 COMPILATION COMPLETE.  0 WARNING(S),  0 ERROR(S)
