C51 COMPILER V9.00   OBSTAVOID                                                             07/09/2017 17:40:55 PAGE 1   


C51 COMPILER V9.00, COMPILATION OF MODULE OBSTAVOID
OBJECT MODULE PLACED IN ObstAvoid.obj
COMPILER INVOKED BY: C:\Keil\C51\BIN\C51.EXE Source\ObstAvoid.c BROWSE DEBUG OBJECTEXTEND PRINT(.\ObstAvoid.lst) OBJECT(
                    -ObstAvoid.obj)

line level    source

   1          /**********头文件定义***********/
   2          #include "../Include/ObstAvoid.h"
   3          
   4          /**********全局变量声明*********/
   5          
   6          /**********函数定义*************/
   7          /********************************************************************************/
   8          void ObstAvoid(uchar ObstFlag)                          /*********      避障函数        *************/
   9          {
  10   1              if(ObstFlag == 0)                                               /*无障碍，前进                                          */
  11   1              {
  12   2                      WheelForward();
  13   2              }
  14   1              else if(ObstFlag == 1)                                  /*障碍：前，左/右转皆可，默认左转       */
  15   1              {
  16   2                      WheelTurnLeft();
  17   2              }
  18   1              else if(ObstFlag == 2)                                  /*障碍：前/左，右转                                     */
  19   1              {
  20   2                      WheelTurnRight();
  21   2              }       
  22   1              else if(ObstFlag == 3)                                  /*障碍：前/右，左转                                     */
  23   1              {
  24   2                      WheelTurnLeft();
  25   2              }       
  26   1              else if(ObstFlag == 4)                                  /*障碍：前、左、右，后退                        */
  27   1              {
  28   2                      WheelBackward();
  29   2              }       
  30   1              else
  31   1              {
  32   2                      WheelEngineStop();                                      /*障碍在：前、后、左、右，停止          */
  33   2              }
  34   1      }
  35          


MODULE INFORMATION:   STATIC OVERLAYABLE
   CODE SIZE        =     44    ----
   CONSTANT SIZE    =   ----    ----
   XDATA SIZE       =   ----    ----
   PDATA SIZE       =   ----    ----
   DATA SIZE        =   ----       1
   IDATA SIZE       =   ----    ----
   BIT SIZE         =   ----    ----
END OF MODULE INFORMATION.


C51 COMPILATION COMPLETE.  0 WARNING(S),  0 ERROR(S)
